<?xml version="1.0" encoding="UTF-8"?>
<!-- Generated by org.testng.reporters.JUnitXMLReporter -->
<testsuite ignored="0" hostname="DESKTOP-BSOHSUS" failures="0" tests="15" name="MoviePage Test" time="31.263" errors="0" timestamp="2024-11-12T14:15:04 IST">
  <testcase classname="LoginPageTest" name="testLoginPgUi" time="1.937"/>
  <testcase classname="HomePageTest" name="testHomepage" time="2.175"/>
  <testcase classname="PopularPageTest" name="testPopularPageUi" time="1.37"/>
  <testcase classname="AccountPageTest" name="testaccountpageUi" time="2.092"/>
  <testcase classname="SearchPageTest" name="testSearchPageFunctionality" time="2.714"/>
  <testcase classname="HeaderPageTest" name="testHeaderSectionUi" time="1.876"/>
  <testcase classname="MovieDetailsPageTest" name="testMovieDetailsPageHomeUi" time="4.415"/>
  <testcase classname="LoginPageTest" name="testLoginPgWithEmptyInputs" time="0.613"/>
  <testcase classname="AccountPageTest" name="testLogOutFunctionality" time="1.367"/>
  <testcase classname="SearchPageTest" name="testSearchFunctionalitywithFailureCase" time="1.778"/>
  <testcase classname="HeaderPageTest" name="testHeaderSectionFunctionalities" time="1.107"/>
  <testcase classname="LoginPageTest" name="testLoginPgWithEmptyUserName" time="0.582"/>
  <testcase classname="LoginPageTest" name="testLoginPgWithEmptyPassword" time="0.515"/>
  <testcase classname="LoginPageTest" name="testLoginPgWithInvalidCredentials" time="0.814"/>
  <testcase classname="LoginPageTest" name="testLoginPgWithValidCredentials" time="0.435"/>
</testsuite> <!-- MoviePage Test -->
